<?xml version="1.0" encoding="UTF-8"?>
<!-- Generated by org.testng.reporters.JUnitReportReporter -->
<testsuite skipped="0" hostname="DESKTOP-Q3OL5F5" name="testNGConcepts.TC004_dependenONConcept" tests="3" failures="0" timestamp="2022-07-21T14:15:32 EDT" time="3.238" errors="0">
  <testcase name="login" time="3.234" classname="testNGConcepts.TC004_dependenONConcept"/>
  <system-out/>
  <testcase name="transfermoney" time="0.003" classname="testNGConcepts.TC004_dependenONConcept"/>
  <system-out/>
  <testcase name="checkbalance" time="0.001" classname="testNGConcepts.TC004_dependenONConcept"/>
  <system-out/>
</testsuite> <!-- testNGConcepts.TC004_dependenONConcept -->
