<?xml version="1.0" encoding="UTF-8"?>
<!-- Generated by org.testng.reporters.JUnitReportReporter -->
<testsuite skipped="0" hostname="DESKTOP-Q3OL5F5" name="testNGConcepts.TC001_testNGCode" tests="2" failures="0" timestamp="2022-07-20T11:11:02 EDT" time="0.009" errors="0">
  <testcase name="addition" time="0.008" classname="testNGConcepts.TC001_testNGCode"/>
  <system-out/>
  <testcase name="displayMessage" time="0.001" classname="testNGConcepts.TC001_testNGCode"/>
  <system-out/>
</testsuite> <!-- testNGConcepts.TC001_testNGCode -->
