<?xml version="1.0" encoding="UTF-8"?>
<!-- Generated by org.testng.reporters.JUnitReportReporter -->
<testsuite skipped="0" hostname="DESKTOP-Q3OL5F5" name="testNGConcepts.TC003_orangeHRMApplication" tests="1" failures="0" timestamp="2022-07-26T13:16:03 EDT" time="4.058" errors="0">
  <testcase name="login" time="4.058" classname="testNGConcepts.TC003_orangeHRMApplication"/>
  <system-out/>
</testsuite> <!-- testNGConcepts.TC003_orangeHRMApplication -->
