<?xml version="1.0" encoding="UTF-8"?>
<!-- Generated by org.testng.reporters.JUnitReportReporter -->
<testsuite skipped="0" hostname="DESKTOP-Q3OL5F5" name="testNGConcepts.TC005_propertiesConcepts" tests="1" failures="0" timestamp="2022-07-21T14:44:21 EDT" time="4.211" errors="0">
  <testcase name="login" time="4.211" classname="testNGConcepts.TC005_propertiesConcepts"/>
  <system-out/>
</testsuite> <!-- testNGConcepts.TC005_propertiesConcepts -->
